{"content": {"suites": {"0": {"status": {"total_pass": 0, "total_skip": 0, "total_xpass": 0, "total_xfail": 0, "total_rerun": 0, "total_fail": 4, "total_error": 0}, "tests": {"0": {"status": "FAIL", "message": "   AttributeError: 'WebDriver' object has no attribute 'click_button'\n", "test_name": "test_search", "rerun": "0"}, "1": {"status": "FAIL", "message": "   selenium.common.exceptions.NoSuchElementException: Message: no such element: Unable to locate element: {\"method\":\"css selector\",\"selector\":\"[id=\"high-price\"]\"}\n     (Session info: chrome=107.0.5304.108)\n   Stacktrace:\n   Backtrace:\n   \tOrdinal0 [0x004DACD3+2075859]\n   \tOrdinal0 [0x0046EE61+1633889]\n   \tOrdinal0 [0x0036B7BD+571325]\n   \tOrdinal0 [0x0039AC2F+764975]\n   \tOrdinal0 [0x0039AE1B+765467]\n   \tOrdinal0 [0x003CD0F2+970994]\n   \tOrdinal0 [0x003B7364+881508]\n   \tOrdinal0 [0x003CB56A+963946]\n   \tOrdinal0 [0x003B7136+880950]\n   \tOrdinal0 [0x0038FEFD+720637]\n   \tOrdinal0 [0x00390F3F+724799]\n   \tGetHandleVerifier [0x0078EED2+2769538]\n   \tGetHandleVerifier [0x00780D95+2711877]\n   \tGetHandleVerifier [0x0056A03A+521194]\n   \tGetHandleVerifier [0x00568DA0+516432]\n   \tOrdinal0 [0x0047682C+1665068]\n   \tOrdinal0 [0x0047B128+1683752]\n   \tOrdinal0 [0x0047B215+1683989]\n   \tOrdinal0 [0x00486484+1729668]\n   \tBaseThreadInitThunk [0x76317BA9+25]\n   \tRtlInitializeExceptionChain [0x778CBB9B+107]\n   \tRtlClearBits [0x778CBB1F+191]\n", "test_name": "test_filter", "rerun": "0"}, "2": {"status": "FAIL", "message": "   IndexError: list index out of range\n", "test_name": "test_selectProduct", "rerun": "0"}, "3": {"status": "FAIL", "message": "   selenium.common.exceptions.NoSuchElementException: Message: no such element: Unable to locate element: {\"method\":\"css selector\",\"selector\":\"[id=\"add-to-cart-button\"]\"}\n     (Session info: chrome=107.0.5304.108)\n   Stacktrace:\n   Backtrace:\n   \tOrdinal0 [0x004DACD3+2075859]\n   \tOrdinal0 [0x0046EE61+1633889]\n   \tOrdinal0 [0x0036B7BD+571325]\n   \tOrdinal0 [0x0039AC2F+764975]\n   \tOrdinal0 [0x0039AE1B+765467]\n   \tOrdinal0 [0x003CD0F2+970994]\n   \tOrdinal0 [0x003B7364+881508]\n   \tOrdinal0 [0x003CB56A+963946]\n   \tOrdinal0 [0x003B7136+880950]\n   \tOrdinal0 [0x0038FEFD+720637]\n   \tOrdinal0 [0x00390F3F+724799]\n   \tGetHandleVerifier [0x0078EED2+2769538]\n   \tGetHandleVerifier [0x00780D95+2711877]\n   \tGetHandleVerifier [0x0056A03A+521194]\n   \tGetHandleVerifier [0x00568DA0+516432]\n   \tOrdinal0 [0x0047682C+1665068]\n   \tOrdinal0 [0x0047B128+1683752]\n   \tOrdinal0 [0x0047B215+1683989]\n   \tOrdinal0 [0x00486484+1729668]\n   \tBaseThreadInitThunk [0x76317BA9+25]\n   \tRtlInitializeExceptionChain [0x778CBB9B+107]\n   \tRtlClearBits [0x778CBB1F+191]\n", "test_name": "test_addToCart", "rerun": "0"}}, "suite_name": "testCases/test_search.py"}}}, "date": "November 28, 2022", "start_time": 1669647632.3582177, "total_suite": 1, "status": "FAIL", "status_list": {"pass": "0", "fail": "4", "skip": "0", "error": "0", "xpass": "0", "xfail": "0", "rerun": "0"}, "total_tests": "4"}